app/build/intermediates/manifest_merge_blame_file/release/processReleaseMainManifest/manifest-merger-blame-release-report.txt
1<?xml version="1.0" encoding="utf-8"?>
2<manifest xmlns:android="http://schemas.android.com/apk/res/android"
3    package="com.vfa.app"
4    android:versionCode="1"
5    android:versionName="1.0" >
6
7    <uses-sdk
7-->INJECTED
8        android:minSdkVersion="23"
8-->INJECTED
9        android:targetSdkVersion="36" />
9-->INJECTED
10
11    <!-- Live viewfinder for the step checkpoints and the two reader photos. -->
12    <uses-permission android:name="android.permission.CAMERA" />
12-->src/main/AndroidManifest.xml:5:5-65
12-->src/main/AndroidManifest.xml:5:22-62
13    <!-- Only used when ANALYZER_URL / VERIFIER_URL are configured. -->
14    <uses-permission android:name="android.permission.INTERNET" />
14-->src/main/AndroidManifest.xml:7:5-67
14-->src/main/AndroidManifest.xml:7:22-64
15
16    <uses-feature
16-->src/main/AndroidManifest.xml:8:5-89
17        android:name="android.hardware.camera.any"
17-->src/main/AndroidManifest.xml:8:19-61
18        android:required="false" />
18-->src/main/AndroidManifest.xml:8:62-86
19
20    <permission
20-->[androidx.core:core:1.19.0] AndroidManifest.xml:22:5-24:47
21        android:name="com.vfa.app.DYNAMIC_RECEIVER_NOT_EXPORTED_PERMISSION"
21-->[androidx.core:core:1.19.0] AndroidManifest.xml:23:9-81
22        android:protectionLevel="signature" />
22-->[androidx.core:core:1.19.0] AndroidManifest.xml:24:9-44
23
24    <uses-permission android:name="com.vfa.app.DYNAMIC_RECEIVER_NOT_EXPORTED_PERMISSION" />
24-->[androidx.core:core:1.19.0] AndroidManifest.xml:26:5-97
24-->[androidx.core:core:1.19.0] AndroidManifest.xml:26:22-94
25
26    <application
26-->src/main/AndroidManifest.xml:10:5-32:19
27        android:allowBackup="true"
27-->src/main/AndroidManifest.xml:11:9-35
28        android:appComponentFactory="androidx.core.app.CoreComponentFactory"
28-->[androidx.core:core:1.19.0] AndroidManifest.xml:28:18-86
29        android:dataExtractionRules="@xml/data_extraction_rules"
29-->src/main/AndroidManifest.xml:12:9-65
30        android:extractNativeLibs="false"
30-->INJECTED
31        android:fullBackupContent="@xml/backup_rules"
31-->src/main/AndroidManifest.xml:13:9-54
32        android:hardwareAccelerated="true"
32-->src/main/AndroidManifest.xml:14:9-43
33        android:icon="@mipmap/ic_launcher"
33-->src/main/AndroidManifest.xml:15:9-43
34        android:label="@string/app_name"
34-->src/main/AndroidManifest.xml:16:9-41
35        android:roundIcon="@mipmap/ic_launcher_round"
35-->src/main/AndroidManifest.xml:17:9-54
36        android:supportsRtl="true"
36-->src/main/AndroidManifest.xml:18:9-35
37        android:theme="@style/Theme.Vfa" >
37-->src/main/AndroidManifest.xml:19:9-41
38        <activity
38-->src/main/AndroidManifest.xml:20:9-31:20
39            android:name="com.vfa.app.MainActivity"
39-->src/main/AndroidManifest.xml:21:13-41
40            android:exported="true"
40-->src/main/AndroidManifest.xml:22:13-36
41            android:label="@string/app_name"
41-->src/main/AndroidManifest.xml:23:13-45
42            android:screenOrientation="portrait"
42-->src/main/AndroidManifest.xml:24:13-49
43            android:theme="@style/Theme.Vfa"
43-->src/main/AndroidManifest.xml:25:13-45
44            android:windowSoftInputMode="adjustResize" >
44-->src/main/AndroidManifest.xml:26:13-55
45            <intent-filter>
45-->src/main/AndroidManifest.xml:27:13-30:29
46                <action android:name="android.intent.action.MAIN" />
46-->src/main/AndroidManifest.xml:28:17-69
46-->src/main/AndroidManifest.xml:28:25-66
47
48                <category android:name="android.intent.category.LAUNCHER" />
48-->src/main/AndroidManifest.xml:29:17-77
48-->src/main/AndroidManifest.xml:29:27-74
49            </intent-filter>
50        </activity>
51
52        <service
52-->[androidx.camera:camera-camera2:1.4.2] AndroidManifest.xml:24:9-33:19
53            android:name="androidx.camera.core.impl.MetadataHolderService"
53-->[androidx.camera:camera-camera2:1.4.2] AndroidManifest.xml:25:13-75
54            android:enabled="false"
54-->[androidx.camera:camera-camera2:1.4.2] AndroidManifest.xml:26:13-36
55            android:exported="false" >
55-->[androidx.camera:camera-camera2:1.4.2] AndroidManifest.xml:27:13-37
56            <meta-data
56-->[androidx.camera:camera-camera2:1.4.2] AndroidManifest.xml:30:13-32:89
57                android:name="androidx.camera.core.impl.MetadataHolderService.DEFAULT_CONFIG_PROVIDER"
57-->[androidx.camera:camera-camera2:1.4.2] AndroidManifest.xml:31:17-103
58                android:value="androidx.camera.camera2.Camera2Config$DefaultProvider" />
58-->[androidx.camera:camera-camera2:1.4.2] AndroidManifest.xml:32:17-86
59        </service>
60
61        <provider
61-->[androidx.emoji2:emoji2:1.4.0] AndroidManifest.xml:24:9-32:20
62            android:name="androidx.startup.InitializationProvider"
62-->[androidx.emoji2:emoji2:1.4.0] AndroidManifest.xml:25:13-67
63            android:authorities="com.vfa.app.androidx-startup"
63-->[androidx.emoji2:emoji2:1.4.0] AndroidManifest.xml:26:13-68
64            android:exported="false" >
64-->[androidx.emoji2:emoji2:1.4.0] AndroidManifest.xml:27:13-37
65            <meta-data
65-->[androidx.emoji2:emoji2:1.4.0] AndroidManifest.xml:29:13-31:52
66                android:name="androidx.emoji2.text.EmojiCompatInitializer"
66-->[androidx.emoji2:emoji2:1.4.0] AndroidManifest.xml:30:17-75
67                android:value="androidx.startup" />
67-->[androidx.emoji2:emoji2:1.4.0] AndroidManifest.xml:31:17-49
68            <meta-data
68-->[androidx.lifecycle:lifecycle-process:2.11.0] AndroidManifest.xml:29:13-31:52
69                android:name="androidx.lifecycle.ProcessLifecycleInitializer"
69-->[androidx.lifecycle:lifecycle-process:2.11.0] AndroidManifest.xml:30:17-78
70                android:value="androidx.startup" />
70-->[androidx.lifecycle:lifecycle-process:2.11.0] AndroidManifest.xml:31:17-49
71            <meta-data
71-->[androidx.profileinstaller:profileinstaller:1.4.0] AndroidManifest.xml:29:13-31:52
72                android:name="androidx.profileinstaller.ProfileInstallerInitializer"
72-->[androidx.profileinstaller:profileinstaller:1.4.0] AndroidManifest.xml:30:17-85
73                android:value="androidx.startup" />
73-->[androidx.profileinstaller:profileinstaller:1.4.0] AndroidManifest.xml:31:17-49
74        </provider>
75
76        <uses-library
76-->[androidx.window:window:1.5.0] AndroidManifest.xml:23:9-25:40
77            android:name="androidx.window.extensions"
77-->[androidx.window:window:1.5.0] AndroidManifest.xml:24:13-54
78            android:required="false" />
78-->[androidx.window:window:1.5.0] AndroidManifest.xml:25:13-37
79        <uses-library
79-->[androidx.window:window:1.5.0] AndroidManifest.xml:26:9-28:40
80            android:name="androidx.window.sidecar"
80-->[androidx.window:window:1.5.0] AndroidManifest.xml:27:13-51
81            android:required="false" />
81-->[androidx.window:window:1.5.0] AndroidManifest.xml:28:13-37
82
83        <receiver
83-->[androidx.profileinstaller:profileinstaller:1.4.0] AndroidManifest.xml:34:9-52:20
84            android:name="androidx.profileinstaller.ProfileInstallReceiver"
84-->[androidx.profileinstaller:profileinstaller:1.4.0] AndroidManifest.xml:35:13-76
85            android:directBootAware="false"
85-->[androidx.profileinstaller:profileinstaller:1.4.0] AndroidManifest.xml:36:13-44
86            android:enabled="true"
86-->[androidx.profileinstaller:profileinstaller:1.4.0] AndroidManifest.xml:37:13-35
87            android:exported="true"
87-->[androidx.profileinstaller:profileinstaller:1.4.0] AndroidManifest.xml:38:13-36
88            android:permission="android.permission.DUMP" >
88-->[androidx.profileinstaller:profileinstaller:1.4.0] AndroidManifest.xml:39:13-57
89            <intent-filter>
89-->[androidx.profileinstaller:profileinstaller:1.4.0] AndroidManifest.xml:40:13-42:29
90                <action android:name="androidx.profileinstaller.action.INSTALL_PROFILE" />
90-->[androidx.profileinstaller:profileinstaller:1.4.0] AndroidManifest.xml:41:17-91
90-->[androidx.profileinstaller:profileinstaller:1.4.0] AndroidManifest.xml:41:25-88
91            </intent-filter>
92            <intent-filter>
92-->[androidx.profileinstaller:profileinstaller:1.4.0] AndroidManifest.xml:43:13-45:29
93                <action android:name="androidx.profileinstaller.action.SKIP_FILE" />
93-->[androidx.profileinstaller:profileinstaller:1.4.0] AndroidManifest.xml:44:17-85
93-->[androidx.profileinstaller:profileinstaller:1.4.0] AndroidManifest.xml:44:25-82
94            </intent-filter>
95            <intent-filter>
95-->[androidx.profileinstaller:profileinstaller:1.4.0] AndroidManifest.xml:46:13-48:29
96                <action android:name="androidx.profileinstaller.action.SAVE_PROFILE" />
96-->[androidx.profileinstaller:profileinstaller:1.4.0] AndroidManifest.xml:47:17-88
96-->[androidx.profileinstaller:profileinstaller:1.4.0] AndroidManifest.xml:47:25-85
97            </intent-filter>
98            <intent-filter>
98-->[androidx.profileinstaller:profileinstaller:1.4.0] AndroidManifest.xml:49:13-51:29
99                <action android:name="androidx.profileinstaller.action.BENCHMARK_OPERATION" />
99-->[androidx.profileinstaller:profileinstaller:1.4.0] AndroidManifest.xml:50:17-95
99-->[androidx.profileinstaller:profileinstaller:1.4.0] AndroidManifest.xml:50:25-92
100            </intent-filter>
101        </receiver>
102    </application>
103
104</manifest>